<<<<<<< HEAD
No receipt for 'com.apple.pkg.CLTools_Executables' found at '/'.

No receipt for 'com.apple.pkg.DeveloperToolsCLILeo' found at '/'.

No receipt for 'com.apple.pkg.DeveloperToolsCLI' found at '/'.

gyp: No Xcode or CLT version detected!
gyp ERR! configure error 
gyp ERR! stack Error: `gyp` failed with exit code: 1
gyp ERR! stack     at ChildProcess.onCpExit (/usr/local/lib/node_modules/npm/node_modules/node-gyp/lib/configure.js:351:16)
gyp ERR! stack     at ChildProcess.emit (events.js:210:5)
gyp ERR! stack     at Process.ChildProcess._handle.onexit (internal/child_process.js:272:12)
gyp ERR! System Darwin 19.3.0
gyp ERR! command "/usr/local/bin/node" "/usr/local/lib/node_modules/npm/node_modules/node-gyp/bin/node-gyp.js" "rebuild"
gyp ERR! cwd /Users/mattroth/Desktop/CS 61/61_Project/sportsix_api/node_modules/kerberos
gyp ERR! node -v v13.0.1
gyp ERR! node-gyp -v v5.0.5
=======
gyp info it worked if it ends with ok
gyp info using node-gyp@5.1.0
gyp info using node@13.14.0 | darwin | x64
gyp info find Python using Python version 2.7.16 found at "/System/Library/Frameworks/Python.framework/Versions/2.7/Resources/Python.app/Contents/MacOS/Python"
gyp http GET https://nodejs.org/download/release/v13.14.0/node-v13.14.0-headers.tar.gz
gyp http 200 https://nodejs.org/download/release/v13.14.0/node-v13.14.0-headers.tar.gz
gyp http GET https://nodejs.org/download/release/v13.14.0/SHASUMS256.txt
gyp http 200 https://nodejs.org/download/release/v13.14.0/SHASUMS256.txt
gyp info spawn /System/Library/Frameworks/Python.framework/Versions/2.7/Resources/Python.app/Contents/MacOS/Python
gyp info spawn args [
gyp info spawn args   '/usr/local/lib/node_modules/npm/node_modules/node-gyp/gyp/gyp_main.py',
gyp info spawn args   'binding.gyp',
gyp info spawn args   '-f',
gyp info spawn args   'make',
gyp info spawn args   '-I',
gyp info spawn args   '/Users/chrissykes/Desktop/CS 61/final_project/sportsix_api/node_modules/kerberos/build/config.gypi',
gyp info spawn args   '-I',
gyp info spawn args   '/usr/local/lib/node_modules/npm/node_modules/node-gyp/addon.gypi',
gyp info spawn args   '-I',
gyp info spawn args   '/Users/chrissykes/Library/Caches/node-gyp/13.14.0/include/node/common.gypi',
gyp info spawn args   '-Dlibrary=shared_library',
gyp info spawn args   '-Dvisibility=default',
gyp info spawn args   '-Dnode_root_dir=/Users/chrissykes/Library/Caches/node-gyp/13.14.0',
gyp info spawn args   '-Dnode_gyp_dir=/usr/local/lib/node_modules/npm/node_modules/node-gyp',
gyp info spawn args   '-Dnode_lib_file=/Users/chrissykes/Library/Caches/node-gyp/13.14.0/<(target_arch)/node.lib',
gyp info spawn args   '-Dmodule_root_dir=/Users/chrissykes/Desktop/CS 61/final_project/sportsix_api/node_modules/kerberos',
gyp info spawn args   '-Dnode_engine=v8',
gyp info spawn args   '--depth=.',
gyp info spawn args   '--no-parallel',
gyp info spawn args   '--generator-output',
gyp info spawn args   'build',
gyp info spawn args   '-Goutput_dir=.'
gyp info spawn args ]
gyp info spawn make
gyp info spawn args [ 'BUILDTYPE=Release', '-C', 'build' ]
In file included from ../lib/kerberos.cc:1:
../lib/kerberos.h:29:26: error: no template named 'Handle'
  static void Initialize(Handle<Object> target);
                         ^
../lib/kerberos.h:32:10: error: no template named 'Handle'
  static Handle<Value> AuthGSSClientInit(const Arguments &args);
         ^
../lib/kerberos.h:32:48: error: unknown type name 'Arguments'; did you mean 'v8::internal::Arguments'?
  static Handle<Value> AuthGSSClientInit(const Arguments &args);
                                               ^~~~~~~~~
                                               v8::internal::Arguments
/Users/chrissykes/Library/Caches/node-gyp/13.14.0/include/node/v8.h:123:7: note: 'v8::internal::Arguments' declared here
class Arguments;
      ^
In file included from ../lib/kerberos.cc:1:
../lib/kerberos.h:33:10: error: no template named 'Handle'
  static Handle<Value> AuthGSSClientStep(const Arguments &args);
         ^
../lib/kerberos.h:33:48: error: unknown type name 'Arguments'; did you mean 'v8::internal::Arguments'?
  static Handle<Value> AuthGSSClientStep(const Arguments &args);
                                               ^~~~~~~~~
                                               v8::internal::Arguments
/Users/chrissykes/Library/Caches/node-gyp/13.14.0/include/node/v8.h:123:7: note: 'v8::internal::Arguments' declared here
class Arguments;
      ^
In file included from ../lib/kerberos.cc:1:
../lib/kerberos.h:34:10: error: no template named 'Handle'
  static Handle<Value> AuthGSSClientUnwrap(const Arguments &args);
         ^
../lib/kerberos.h:34:50: error: unknown type name 'Arguments'; did you mean 'v8::internal::Arguments'?
  static Handle<Value> AuthGSSClientUnwrap(const Arguments &args);
                                                 ^~~~~~~~~
                                                 v8::internal::Arguments
/Users/chrissykes/Library/Caches/node-gyp/13.14.0/include/node/v8.h:123:7: note: 'v8::internal::Arguments' declared here
class Arguments;
      ^
In file included from ../lib/kerberos.cc:1:
../lib/kerberos.h:35:10: error: no template named 'Handle'
  static Handle<Value> AuthGSSClientWrap(const Arguments &args);
         ^
../lib/kerberos.h:35:48: error: unknown type name 'Arguments'; did you mean 'v8::internal::Arguments'?
  static Handle<Value> AuthGSSClientWrap(const Arguments &args);
                                               ^~~~~~~~~
                                               v8::internal::Arguments
/Users/chrissykes/Library/Caches/node-gyp/13.14.0/include/node/v8.h:123:7: note: 'v8::internal::Arguments' declared here
class Arguments;
      ^
In file included from ../lib/kerberos.cc:1:
../lib/kerberos.h:36:10: error: no template named 'Handle'
  static Handle<Value> AuthGSSClientClean(const Arguments &args);
         ^
../lib/kerberos.h:36:49: error: unknown type name 'Arguments'; did you mean 'v8::internal::Arguments'?
  static Handle<Value> AuthGSSClientClean(const Arguments &args);
                                                ^~~~~~~~~
                                                v8::internal::Arguments
/Users/chrissykes/Library/Caches/node-gyp/13.14.0/include/node/v8.h:123:7: note: 'v8::internal::Arguments' declared here
class Arguments;
      ^
In file included from ../lib/kerberos.cc:1:
../lib/kerberos.h:39:10: error: no template named 'Handle'
  static Handle<Value> New(const Arguments &args);  
         ^
../lib/kerberos.h:39:34: error: unknown type name 'Arguments'; did you mean 'v8::internal::Arguments'?
  static Handle<Value> New(const Arguments &args);  
                                 ^~~~~~~~~
                                 v8::internal::Arguments
/Users/chrissykes/Library/Caches/node-gyp/13.14.0/include/node/v8.h:123:7: note: 'v8::internal::Arguments' declared here
class Arguments;
      ^
In file included from ../lib/kerberos.cc:1:
../lib/kerberos.h:42:23: error: unknown type name 'uv_work_t'
  static void Process(uv_work_t* work_req);
                      ^
../lib/kerberos.h:44:21: error: unknown type name 'uv_work_t'
  static void After(uv_work_t* work_req);
                    ^
In file included from ../lib/kerberos.cc:3:
../lib/worker.h:17:5: error: unknown type name 'uv_work_t'
    uv_work_t request;
    ^
../lib/worker.h:36:5: error: no template named 'Handle'
    Handle<Value> (*mapper)(Worker *worker);
    ^
In file included from ../lib/kerberos.cc:4:
../lib/kerberos_context.h:25:34: error: no template named 'Handle'
  static inline bool HasInstance(Handle<Value> val) {
                                 ^
../lib/kerberos_context.h:35:26: error: no template named 'Handle'
  static void Initialize(Handle<Object> target);
                         ^
fatal error: too many errors emitted, stopping now [-ferror-limit=]
20 errors generated.
make: *** [Release/obj.target/kerberos/lib/kerberos.o] Error 1
gyp ERR! build error 
gyp ERR! stack Error: `make` failed with exit code: 2
gyp ERR! stack     at ChildProcess.onExit (/usr/local/lib/node_modules/npm/node_modules/node-gyp/lib/build.js:194:23)
gyp ERR! stack     at ChildProcess.emit (events.js:315:20)
gyp ERR! stack     at Process.ChildProcess._handle.onexit (internal/child_process.js:275:12)
gyp ERR! System Darwin 19.4.0
gyp ERR! command "/usr/local/bin/node" "/usr/local/lib/node_modules/npm/node_modules/node-gyp/bin/node-gyp.js" "rebuild"
gyp ERR! cwd /Users/chrissykes/Desktop/CS 61/final_project/sportsix_api/node_modules/kerberos
gyp ERR! node -v v13.14.0
gyp ERR! node-gyp -v v5.1.0
>>>>>>> 9f89b566f54e4ddc436d225706e4404e4a6b81ac
gyp ERR! not ok 
