<<<<<<< HEAD
No receipt for 'com.apple.pkg.CLTools_Executables' found at '/'.

No receipt for 'com.apple.pkg.DeveloperToolsCLILeo' found at '/'.

No receipt for 'com.apple.pkg.DeveloperToolsCLI' found at '/'.

gyp: No Xcode or CLT version detected!
gyp ERR! configure error 
gyp ERR! stack Error: `gyp` failed with exit code: 1
gyp ERR! stack     at ChildProcess.onCpExit (/usr/local/lib/node_modules/npm/node_modules/node-gyp/lib/configure.js:351:16)
gyp ERR! stack     at ChildProcess.emit (events.js:210:5)
gyp ERR! stack     at Process.ChildProcess._handle.onexit (internal/child_process.js:272:12)
gyp ERR! System Darwin 19.3.0
gyp ERR! command "/usr/local/bin/node" "/usr/local/lib/node_modules/npm/node_modules/node-gyp/bin/node-gyp.js" "rebuild"
gyp ERR! cwd /Users/mattroth/Desktop/CS 61/61_Project/sportsix_api/node_modules/bson
gyp ERR! node -v v13.0.1
gyp ERR! node-gyp -v v5.0.5
=======
gyp info it worked if it ends with ok
gyp info using node-gyp@5.1.0
gyp info using node@13.14.0 | darwin | x64
gyp info find Python using Python version 2.7.16 found at "/System/Library/Frameworks/Python.framework/Versions/2.7/Resources/Python.app/Contents/MacOS/Python"
gyp http GET https://nodejs.org/download/release/v13.14.0/node-v13.14.0-headers.tar.gz
gyp http 200 https://nodejs.org/download/release/v13.14.0/node-v13.14.0-headers.tar.gz
gyp http GET https://nodejs.org/download/release/v13.14.0/SHASUMS256.txt
gyp http 200 https://nodejs.org/download/release/v13.14.0/SHASUMS256.txt
gyp info spawn /System/Library/Frameworks/Python.framework/Versions/2.7/Resources/Python.app/Contents/MacOS/Python
gyp info spawn args [
gyp info spawn args   '/usr/local/lib/node_modules/npm/node_modules/node-gyp/gyp/gyp_main.py',
gyp info spawn args   'binding.gyp',
gyp info spawn args   '-f',
gyp info spawn args   'make',
gyp info spawn args   '-I',
gyp info spawn args   '/Users/chrissykes/Desktop/CS 61/final_project/sportsix_api/node_modules/bson/build/config.gypi',
gyp info spawn args   '-I',
gyp info spawn args   '/usr/local/lib/node_modules/npm/node_modules/node-gyp/addon.gypi',
gyp info spawn args   '-I',
gyp info spawn args   '/Users/chrissykes/Library/Caches/node-gyp/13.14.0/include/node/common.gypi',
gyp info spawn args   '-Dlibrary=shared_library',
gyp info spawn args   '-Dvisibility=default',
gyp info spawn args   '-Dnode_root_dir=/Users/chrissykes/Library/Caches/node-gyp/13.14.0',
gyp info spawn args   '-Dnode_gyp_dir=/usr/local/lib/node_modules/npm/node_modules/node-gyp',
gyp info spawn args   '-Dnode_lib_file=/Users/chrissykes/Library/Caches/node-gyp/13.14.0/<(target_arch)/node.lib',
gyp info spawn args   '-Dmodule_root_dir=/Users/chrissykes/Desktop/CS 61/final_project/sportsix_api/node_modules/bson',
gyp info spawn args   '-Dnode_engine=v8',
gyp info spawn args   '--depth=.',
gyp info spawn args   '--no-parallel',
gyp info spawn args   '--generator-output',
gyp info spawn args   'build',
gyp info spawn args   '-Goutput_dir=.'
gyp info spawn args ]
gyp info spawn make
gyp info spawn args [ 'BUILDTYPE=Release', '-C', 'build' ]
In file included from ../ext/bson.cc:35:
../ext/bson.h:55:25: error: no template named 'Handle'
        static void Initialize(Handle<Object> target);
                               ^
../ext/bson.h:56:9: error: no template named 'Handle'
        static Handle<Value> BSONDeserializeStream(const Arguments &args);
               ^
../ext/bson.h:56:51: error: unknown type name 'Arguments'; did you mean 'v8::internal::Arguments'?
        static Handle<Value> BSONDeserializeStream(const Arguments &args);
                                                         ^~~~~~~~~
                                                         v8::internal::Arguments
/Users/chrissykes/Library/Caches/node-gyp/13.14.0/include/node/v8.h:123:7: note: 'v8::internal::Arguments' declared here
class Arguments;
      ^
In file included from ../ext/bson.cc:35:
../ext/bson.h:59:9: error: no template named 'Handle'
        static Handle<Value> BSONSerialize(const Arguments &args);
               ^
../ext/bson.h:59:43: error: unknown type name 'Arguments'; did you mean 'v8::internal::Arguments'?
        static Handle<Value> BSONSerialize(const Arguments &args);
                                                 ^~~~~~~~~
                                                 v8::internal::Arguments
/Users/chrissykes/Library/Caches/node-gyp/13.14.0/include/node/v8.h:123:7: note: 'v8::internal::Arguments' declared here
class Arguments;
      ^
In file included from ../ext/bson.cc:35:
../ext/bson.h:60:9: error: no template named 'Handle'
        static Handle<Value> BSONDeserialize(const Arguments &args);
               ^
../ext/bson.h:60:45: error: unknown type name 'Arguments'; did you mean 'v8::internal::Arguments'?
        static Handle<Value> BSONDeserialize(const Arguments &args);
                                                   ^~~~~~~~~
                                                   v8::internal::Arguments
/Users/chrissykes/Library/Caches/node-gyp/13.14.0/include/node/v8.h:123:7: note: 'v8::internal::Arguments' declared here
class Arguments;
      ^
In file included from ../ext/bson.cc:35:
../ext/bson.h:63:9: error: no template named 'Handle'
        static Handle<Value> CalculateObjectSize(const Arguments &args);
               ^
../ext/bson.h:63:49: error: unknown type name 'Arguments'; did you mean 'v8::internal::Arguments'?
        static Handle<Value> CalculateObjectSize(const Arguments &args);
                                                       ^~~~~~~~~
                                                       v8::internal::Arguments
/Users/chrissykes/Library/Caches/node-gyp/13.14.0/include/node/v8.h:123:7: note: 'v8::internal::Arguments' declared here
class Arguments;
      ^
In file included from ../ext/bson.cc:35:
../ext/bson.h:64:9: error: no template named 'Handle'
        static Handle<Value> SerializeWithBufferAndIndex(const Arguments &args);
               ^
../ext/bson.h:64:57: error: unknown type name 'Arguments'; did you mean 'v8::internal::Arguments'?
        static Handle<Value> SerializeWithBufferAndIndex(const Arguments &args);
                                                               ^~~~~~~~~
                                                               v8::internal::Arguments
/Users/chrissykes/Library/Caches/node-gyp/13.14.0/include/node/v8.h:123:7: note: 'v8::internal::Arguments' declared here
class Arguments;
      ^
In file included from ../ext/bson.cc:35:
../ext/bson.h:70:9: error: no template named 'Handle'
        static Handle<Value> New(const Arguments &args);
               ^
../ext/bson.h:70:33: error: unknown type name 'Arguments'; did you mean 'v8::internal::Arguments'?
        static Handle<Value> New(const Arguments &args);
                                       ^~~~~~~~~
                                       v8::internal::Arguments
/Users/chrissykes/Library/Caches/node-gyp/13.14.0/include/node/v8.h:123:7: note: 'v8::internal::Arguments' declared here
class Arguments;
      ^
In file included from ../ext/bson.cc:35:
../ext/bson.h:71:9: error: no template named 'Handle'
        static Handle<Value> deserialize(BSON *bson, char *data, uint32_t dataLength, uint32_t startIndex, bool is_array_item);
               ^
../ext/bson.h:119:41: error: no template named 'Handle'
        Local<Object> GetSerializeObject(const Handle<Value>& object);
                                               ^
../ext/bson.h:133:23: error: no template named 'Handle'
        void    WriteByte(const Handle<Object>&, const Handle<String>&) { ++count; }
                                ^
../ext/bson.h:133:46: error: no template named 'Handle'
        void    WriteByte(const Handle<Object>&, const Handle<String>&) { ++count; }
                                                       ^
../ext/bson.h:134:23: error: no template named 'Handle'
        void    WriteBool(const Handle<Value>& value)                                   { ++count; }
                                ^
../ext/bson.h:136:24: error: no template named 'Handle'
        void    WriteInt32(const Handle<Value>& value)                                  { count += 4; }
                                 ^
fatal error: too many errors emitted, stopping now [-ferror-limit=]
20 errors generated.
make: *** [Release/obj.target/bson/ext/bson.o] Error 1
gyp ERR! build error 
gyp ERR! stack Error: `make` failed with exit code: 2
gyp ERR! stack     at ChildProcess.onExit (/usr/local/lib/node_modules/npm/node_modules/node-gyp/lib/build.js:194:23)
gyp ERR! stack     at ChildProcess.emit (events.js:315:20)
gyp ERR! stack     at Process.ChildProcess._handle.onexit (internal/child_process.js:275:12)
gyp ERR! System Darwin 19.4.0
gyp ERR! command "/usr/local/bin/node" "/usr/local/lib/node_modules/npm/node_modules/node-gyp/bin/node-gyp.js" "rebuild"
gyp ERR! cwd /Users/chrissykes/Desktop/CS 61/final_project/sportsix_api/node_modules/bson
gyp ERR! node -v v13.14.0
gyp ERR! node-gyp -v v5.1.0
>>>>>>> 9f89b566f54e4ddc436d225706e4404e4a6b81ac
gyp ERR! not ok 
